<?xml version="1.0"?><coverage lines-covered="512" lines-valid="611" line-rate="NaN" branches-covered="0" branches-valid="0" branch-rate="0" complexity="0" version="1.9" timestamp="1610096420"><sources><source>/mnt/e/github/WeDPR-Lab-Crypto</source></sources><packages><package name="crypto/vrf/curve25519/src" line-rate="0.7586206896551724" branch-rate="0" complexity="0"><classes><class name="lib" filename="crypto/vrf/curve25519/src/lib.rs" line-rate="0.7586206896551724" branch-rate="0" complexity="0"><methods/><lines><line number="32" hits="1"/><line number="33" hits="1"/><line number="34" hits="1"/><line number="35" hits="1"/><line number="36" hits="1"/><line number="37" hits="0"/><line number="40" hits="1"/><line number="43" hits="1"/><line number="44" hits="0"/><line number="46" hits="1"/><line number="47" hits="2"/><line number="49" hits="1"/><line number="50" hits="1"/><line number="52" hits="1"/><line number="53" hits="1"/><line number="54" hits="1"/><line number="55" hits="1"/><line number="56" hits="1"/><line number="57" hits="1"/><line number="61" hits="1"/><line number="66" hits="1"/><line number="68" hits="1"/><line number="69" hits="0"/><line number="70" hits="1"/><line number="71" hits="1"/><line number="72" hits="1"/><line number="74" hits="1"/><line number="75" hits="1"/><line number="76" hits="1"/><line number="77" hits="1"/><line number="78" hits="1"/><line number="80" hits="1"/><line number="81" hits="1"/><line number="82" hits="1"/><line number="83" hits="1"/><line number="84" hits="1"/><line number="85" hits="1"/><line number="87" hits="1"/><line number="88" hits="1"/><line number="90" hits="1"/><line number="91" hits="1"/><line number="92" hits="1"/><line number="94" hits="1"/><line number="97" hits="0"/><line number="103" hits="0"/><line number="104" hits="0"/><line number="105" hits="0"/><line number="106" hits="0"/><line number="107" hits="0"/><line number="108" hits="0"/><line number="110" hits="0"/><line number="111" hits="0"/><line number="112" hits="0"/><line number="113" hits="0"/><line number="114" hits="0"/><line number="116" hits="0"/><line number="117" hits="0"/><line number="118" hits="0"/><line number="119" hits="0"/><line number="120" hits="0"/><line number="121" hits="0"/><line number="123" hits="0"/><line number="124" hits="0"/><line number="126" hits="0"/><line number="127" hits="0"/><line number="128" hits="0"/><line number="130" hits="0"/><line number="133" hits="1"/><line number="139" hits="1"/><line number="140" hits="2"/><line number="141" hits="2"/><line number="142" hits="2"/><line number="143" hits="2"/><line number="144" hits="1"/><line number="145" hits="1"/><line number="146" hits="1"/><line number="148" hits="1"/><line number="149" hits="1"/><line number="151" hits="1"/><line number="152" hits="1"/><line number="153" hits="1"/><line number="154" hits="1"/><line number="155" hits="1"/><line number="156" hits="1"/><line number="158" hits="1"/><line number="160" hits="1"/><line number="163" hits="1"/><line number="164" hits="1"/><line number="165" hits="0"/><line number="166" hits="1"/><line number="167" hits="1"/><line number="170" hits="1"/><line number="171" hits="1"/><line number="174" hits="2"/><line number="175" hits="1"/><line number="176" hits="1"/><line number="179" hits="1"/><line number="180" hits="2"/><line number="181" hits="2"/><line number="182" hits="1"/><line number="193" hits="3"/><line number="194" hits="1"/><line number="195" hits="1"/><line number="196" hits="1"/><line number="197" hits="1"/><line number="199" hits="1"/><line number="200" hits="2"/><line number="204" hits="2"/><line number="205" hits="1"/><line number="207" hits="2"/><line number="209" hits="1"/><line number="211" hits="1"/><line number="212" hits="1"/><line number="213" hits="1"/><line number="219" hits="2"/><line number="221" hits="1"/></lines></class></classes></package><package name="ffi/ffi_common/src" line-rate="NaN" branch-rate="0" complexity="0"><classes></classes></package><package name="crypto/signature/secp256k1/src" line-rate="0.6052631578947368" branch-rate="0" complexity="0"><classes><class name="lib" filename="crypto/signature/secp256k1/src/lib.rs" line-rate="0.6052631578947368" branch-rate="0" complexity="0"><methods/><lines><line number="19" hits="1"/><line number="21" hits="1"/><line number="33" hits="1"/><line number="38" hits="1"/><line number="39" hits="2"/><line number="40" hits="0"/><line number="41" hits="0"/><line number="42" hits="0"/><line number="46" hits="2"/><line number="47" hits="2"/><line number="48" hits="0"/><line number="49" hits="0"/><line number="50" hits="0"/><line number="53" hits="2"/><line number="54" hits="0"/><line number="55" hits="1"/><line number="57" hits="1"/><line number="58" hits="1"/><line number="62" hits="1"/><line number="65" hits="1"/><line number="72" hits="1"/><line number="73" hits="2"/><line number="74" hits="0"/><line number="75" hits="0"/><line number="76" hits="0"/><line number="79" hits="2"/><line number="81" hits="2"/><line number="82" hits="0"/><line number="83" hits="0"/><line number="84" hits="0"/><line number="87" hits="2"/><line number="88" hits="0"/><line number="89" hits="0"/><line number="91" hits="1"/><line number="92" hits="2"/><line number="94" hits="2"/><line number="95" hits="0"/><line number="96" hits="0"/><line number="97" hits="0"/><line number="103" hits="2"/><line number="104" hits="0"/><line number="106" hits="1"/><line number="107" hits="0"/><line number="108" hits="2"/><line number="109" hits="0"/><line number="110" hits="0"/><line number="111" hits="0"/><line number="114" hits="2"/><line number="115" hits="0"/><line number="116" hits="2"/><line number="117" hits="0"/><line number="118" hits="0"/><line number="119" hits="0"/><line number="122" hits="2"/><line number="123" hits="0"/><line number="124" hits="0"/><line number="126" hits="1"/><line number="129" hits="1"/><line number="130" hits="1"/><line number="131" hits="1"/><line number="133" hits="1"/><line number="134" hits="0"/><line number="136" hits="1"/><line number="137" hits="1"/><line number="138" hits="1"/><line number="139" hits="1"/><line number="152" hits="3"/><line number="153" hits="1"/><line number="154" hits="1"/><line number="158" hits="1"/><line number="160" hits="1"/><line number="161" hits="1"/><line number="163" hits="1"/><line number="165" hits="1"/><line number="166" hits="1"/><line number="167" hits="1"/></lines></class></classes></package><package name="common/coder/hex/src" line-rate="0.7857142857142857" branch-rate="0" complexity="0"><classes><class name="lib" filename="common/coder/hex/src/lib.rs" line-rate="0.7857142857142857" branch-rate="0" complexity="0"><methods/><lines><line number="15" hits="1"/><line number="16" hits="1"/><line number="19" hits="1"/><line number="20" hits="1"/><line number="21" hits="2"/><line number="22" hits="0"/><line number="23" hits="0"/><line number="24" hits="0"/><line number="35" hits="3"/><line number="36" hits="1"/><line number="37" hits="1"/><line number="38" hits="1"/><line number="39" hits="1"/><line number="40" hits="1"/></lines></class></classes></package><package name="crypto/zkp/range_proof/src" line-rate="0.9397590361445783" branch-rate="0" complexity="0"><classes><class name="lib" filename="crypto/zkp/range_proof/src/lib.rs" line-rate="0.9397590361445783" branch-rate="0" complexity="0"><methods/><lines><line number="30" hits="1"/><line number="36" hits="1"/><line number="38" hits="1"/><line number="39" hits="1"/><line number="40" hits="1"/><line number="41" hits="1"/><line number="47" hits="1"/><line number="53" hits="1"/><line number="54" hits="1"/><line number="64" hits="1"/><line number="69" hits="1"/><line number="72" hits="1"/><line number="75" hits="1"/><line number="77" hits="1"/><line number="85" hits="1"/><line number="86" hits="1"/><line number="87" hits="1"/><line number="90" hits="1"/><line number="95" hits="1"/><line number="101" hits="1"/><line number="103" hits="1"/><line number="104" hits="1"/><line number="105" hits="1"/><line number="106" hits="1"/><line number="108" hits="1"/><line number="109" hits="2"/><line number="110" hits="0"/><line number="113" hits="2"/><line number="120" hits="2"/><line number="121" hits="1"/><line number="127" hits="1"/><line number="130" hits="1"/><line number="139" hits="1"/><line number="147" hits="1"/><line number="148" hits="1"/><line number="150" hits="1"/><line number="152" hits="1"/><line number="153" hits="1"/><line number="154" hits="1"/><line number="155" hits="2"/><line number="160" hits="1"/><line number="163" hits="2"/><line number="165" hits="0"/><line number="166" hits="0"/><line number="169" hits="2"/><line number="171" hits="1"/><line number="172" hits="1"/><line number="176" hits="1"/><line number="181" hits="1"/><line number="187" hits="1"/><line number="189" hits="1"/><line number="190" hits="1"/><line number="191" hits="1"/><line number="193" hits="3"/><line number="196" hits="1"/><line number="197" hits="2"/><line number="198" hits="0"/><line number="200" hits="2"/><line number="201" hits="1"/><line number="202" hits="1"/><line number="203" hits="1"/><line number="204" hits="2"/><line number="207" hits="2"/><line number="208" hits="0"/><line number="217" hits="3"/><line number="219" hits="1"/><line number="220" hits="1"/><line number="224" hits="2"/><line number="225" hits="1"/><line number="228" hits="2"/><line number="229" hits="1"/><line number="230" hits="3"/><line number="234" hits="1"/><line number="235" hits="1"/><line number="240" hits="1"/><line number="242" hits="1"/><line number="244" hits="1"/><line number="251" hits="1"/><line number="252" hits="3"/><line number="255" hits="1"/><line number="257" hits="1"/><line number="258" hits="1"/><line number="259" hits="1"/></lines></class></classes></package><package name="ffi/ffi_macros/src" line-rate="NaN" branch-rate="0" complexity="0"><classes></classes></package><package name="common/coder/base64/src" line-rate="0.8125" branch-rate="0" complexity="0"><classes><class name="lib" filename="common/coder/base64/src/lib.rs" line-rate="0.8125" branch-rate="0" complexity="0"><methods/><lines><line number="15" hits="1"/><line number="16" hits="1"/><line number="19" hits="1"/><line number="20" hits="1"/><line number="21" hits="2"/><line number="22" hits="0"/><line number="23" hits="0"/><line number="24" hits="0"/><line number="35" hits="3"/><line number="36" hits="1"/><line number="37" hits="1"/><line number="38" hits="1"/><line number="39" hits="1"/><line number="40" hits="1"/><line number="41" hits="1"/><line number="42" hits="2"/></lines></class></classes></package><package name="common/macros/src" line-rate="NaN" branch-rate="0" complexity="0"><classes></classes></package><package name="crypto/zkp/utils/src" line-rate="0.9166666666666666" branch-rate="0" complexity="0"><classes><class name="config" filename="crypto/zkp/utils/src/config.rs" line-rate="1" branch-rate="0" complexity="0"><methods/><lines><line number="10" hits="1"/></lines></class><class name="lib" filename="crypto/zkp/utils/src/lib.rs" line-rate="0.9142857142857143" branch-rate="0" complexity="0"><methods/><lines><line number="27" hits="2"/><line number="30" hits="2"/><line number="31" hits="2"/><line number="39" hits="2"/><line number="40" hits="3"/><line number="46" hits="2"/><line number="47" hits="2"/><line number="48" hits="1"/><line number="49" hits="2"/><line number="53" hits="1"/><line number="54" hits="1"/><line number="58" hits="1"/><line number="59" hits="1"/><line number="63" hits="2"/><line number="64" hits="3"/><line number="65" hits="6"/><line number="66" hits="0"/><line number="68" hits="3"/><line number="74" hits="2"/><line number="75" hits="2"/><line number="76" hits="3"/><line number="77" hits="3"/><line number="81" hits="3"/><line number="82" hits="3"/><line number="86" hits="1"/><line number="87" hits="1"/><line number="91" hits="1"/><line number="92" hits="1"/><line number="93" hits="1"/><line number="94" hits="1"/><line number="96" hits="2"/><line number="98" hits="2"/><line number="100" hits="0"/><line number="103" hits="0"/><line number="106" hits="1"/></lines></class></classes></package><package name="ffi/ffi_java/ffi_java_crypto/src" line-rate="NaN" branch-rate="0" complexity="0"><classes></classes></package><package name="crypto/zkp/discrete_logarithm_proof/src" line-rate="1" branch-rate="0" complexity="0"><classes><class name="lib" filename="crypto/zkp/discrete_logarithm_proof/src/lib.rs" line-rate="1" branch-rate="0" complexity="0"><methods/><lines><line number="24" hits="1"/><line number="34" hits="1"/><line number="35" hits="1"/><line number="36" hits="1"/><line number="37" hits="1"/><line number="38" hits="1"/><line number="40" hits="1"/><line number="41" hits="1"/><line number="44" hits="1"/><line number="45" hits="1"/><line number="48" hits="1"/><line number="49" hits="1"/><line number="50" hits="1"/><line number="52" hits="1"/><line number="54" hits="2"/><line number="55" hits="1"/><line number="56" hits="1"/><line number="58" hits="2"/><line number="59" hits="1"/><line number="60" hits="1"/><line number="63" hits="1"/><line number="64" hits="1"/><line number="66" hits="1"/><line number="67" hits="1"/><line number="68" hits="1"/><line number="69" hits="1"/><line number="70" hits="1"/><line number="71" hits="1"/><line number="72" hits="1"/><line number="73" hits="1"/><line number="75" hits="1"/><line number="76" hits="1"/><line number="77" hits="1"/><line number="78" hits="1"/><line number="79" hits="1"/><line number="80" hits="1"/><line number="82" hits="1"/><line number="83" hits="1"/><line number="84" hits="1"/><line number="85" hits="1"/><line number="86" hits="1"/><line number="87" hits="1"/><line number="88" hits="1"/><line number="89" hits="1"/><line number="95" hits="1"/><line number="104" hits="1"/><line number="105" hits="2"/><line number="106" hits="2"/><line number="107" hits="2"/><line number="108" hits="2"/><line number="109" hits="2"/><line number="110" hits="2"/><line number="111" hits="1"/><line number="112" hits="1"/><line number="113" hits="1"/><line number="115" hits="2"/><line number="116" hits="1"/><line number="117" hits="1"/><line number="118" hits="1"/><line number="120" hits="2"/><line number="121" hits="1"/><line number="122" hits="1"/><line number="123" hits="1"/><line number="125" hits="1"/><line number="126" hits="1"/><line number="127" hits="1"/><line number="128" hits="1"/><line number="129" hits="1"/><line number="130" hits="1"/><line number="131" hits="1"/><line number="132" hits="1"/><line number="134" hits="1"/><line number="135" hits="1"/><line number="147" hits="1"/><line number="157" hits="1"/><line number="158" hits="1"/><line number="159" hits="1"/><line number="160" hits="1"/><line number="161" hits="1"/><line number="163" hits="1"/><line number="164" hits="1"/><line number="167" hits="1"/><line number="168" hits="1"/><line number="171" hits="1"/><line number="172" hits="1"/><line number="173" hits="1"/><line number="175" hits="1"/><line number="178" hits="2"/><line number="179" hits="1"/><line number="180" hits="1"/><line number="182" hits="2"/><line number="183" hits="1"/><line number="184" hits="1"/><line number="187" hits="1"/><line number="188" hits="1"/><line number="190" hits="1"/><line number="191" hits="1"/><line number="192" hits="1"/><line number="193" hits="1"/><line number="194" hits="1"/><line number="195" hits="1"/><line number="196" hits="1"/><line number="197" hits="1"/><line number="199" hits="1"/><line number="200" hits="1"/><line number="201" hits="1"/><line number="202" hits="1"/><line number="203" hits="1"/><line number="204" hits="1"/><line number="205" hits="1"/><line number="206" hits="1"/><line number="207" hits="3"/><line number="208" hits="2"/><line number="209" hits="1"/><line number="210" hits="1"/><line number="212" hits="1"/><line number="213" hits="1"/><line number="214" hits="1"/><line number="215" hits="1"/><line number="216" hits="1"/><line number="217" hits="1"/><line number="218" hits="1"/><line number="219" hits="1"/><line number="225" hits="1"/><line number="234" hits="1"/><line number="235" hits="2"/><line number="236" hits="2"/><line number="237" hits="2"/><line number="238" hits="2"/><line number="239" hits="2"/><line number="241" hits="2"/><line number="242" hits="1"/><line number="243" hits="1"/><line number="244" hits="1"/><line number="246" hits="2"/><line number="247" hits="1"/><line number="248" hits="1"/><line number="249" hits="1"/><line number="252" hits="1"/><line number="253" hits="1"/><line number="254" hits="1"/><line number="255" hits="1"/><line number="256" hits="1"/><line number="257" hits="1"/><line number="258" hits="1"/><line number="261" hits="1"/><line number="262" hits="1"/><line number="263" hits="1"/><line number="264" hits="1"/><line number="265" hits="1"/><line number="266" hits="1"/><line number="267" hits="1"/><line number="268" hits="1"/><line number="270" hits="1"/><line number="271" hits="1"/><line number="280" hits="3"/><line number="281" hits="1"/><line number="282" hits="1"/><line number="283" hits="1"/><line number="284" hits="1"/><line number="285" hits="1"/><line number="286" hits="1"/><line number="287" hits="1"/><line number="299" hits="1"/><line number="300" hits="1"/><line number="303" hits="1"/><line number="304" hits="1"/><line number="308" hits="1"/><line number="309" hits="1"/><line number="312" hits="1"/><line number="314" hits="1"/><line number="327" hits="3"/><line number="328" hits="1"/><line number="329" hits="1"/><line number="330" hits="1"/><line number="331" hits="1"/><line number="332" hits="1"/><line number="333" hits="1"/><line number="334" hits="1"/><line number="346" hits="1"/><line number="347" hits="1"/><line number="350" hits="1"/><line number="351" hits="1"/><line number="355" hits="1"/><line number="356" hits="1"/><line number="359" hits="1"/><line number="361" hits="1"/></lines></class></classes></package><package name="crypto/hash/sm3/src" line-rate="1" branch-rate="0" complexity="0"><classes><class name="lib" filename="crypto/hash/sm3/src/lib.rs" line-rate="1" branch-rate="0" complexity="0"><methods/><lines><line number="13" hits="1"/><line number="14" hits="1"/><line number="15" hits="1"/><line number="25" hits="3"/><line number="26" hits="1"/><line number="27" hits="1"/><line number="32" hits="1"/><line number="33" hits="1"/><line number="34" hits="1"/></lines></class></classes></package><package name="ffi/ffi_c/ffi_c_common/src" line-rate="0" branch-rate="0" complexity="0"><classes><class name="lib" filename="ffi/ffi_c/ffi_c_common/src/lib.rs" line-rate="0" branch-rate="0" complexity="0"><methods/><lines><line number="37" hits="0"/><line number="48" hits="0"/><line number="60" hits="0"/></lines></class></classes></package><package name="protos/src" line-rate="NaN" branch-rate="0" complexity="0"><classes></classes></package><package name="crypto/ecies/secp256k1/src" line-rate="0" branch-rate="0" complexity="0"><classes><class name="lib" filename="crypto/ecies/secp256k1/src/lib.rs" line-rate="0" branch-rate="0" complexity="0"><methods/><lines><line number="15" hits="0"/><line number="21" hits="0"/><line number="22" hits="0"/><line number="23" hits="0"/><line number="24" hits="0"/><line number="25" hits="0"/><line number="30" hits="0"/><line number="36" hits="0"/><line number="37" hits="0"/><line number="38" hits="0"/><line number="39" hits="0"/><line number="40" hits="0"/></lines></class></classes></package><package name="ffi/ffi_c/ffi_c_crypto/src" line-rate="NaN" branch-rate="0" complexity="0"><classes></classes></package><package name="crypto/hash/keccak256/src" line-rate="1" branch-rate="0" complexity="0"><classes><class name="lib" filename="crypto/hash/keccak256/src/lib.rs" line-rate="1" branch-rate="0" complexity="0"><methods/><lines><line number="15" hits="4"/><line number="16" hits="3"/><line number="17" hits="3"/><line number="18" hits="8"/><line number="28" hits="3"/><line number="29" hits="1"/><line number="30" hits="1"/><line number="35" hits="1"/><line number="36" hits="1"/><line number="37" hits="1"/></lines></class></classes></package><package name="crypto/signature/sm2/src" line-rate="0.7446808510638298" branch-rate="0" complexity="0"><classes><class name="lib" filename="crypto/signature/sm2/src/lib.rs" line-rate="0.7446808510638298" branch-rate="0" complexity="0"><methods/><lines><line number="17" hits="1"/><line number="25" hits="1"/><line number="31" hits="1"/><line number="32" hits="2"/><line number="33" hits="0"/><line number="34" hits="0"/><line number="37" hits="1"/><line number="38" hits="1"/><line number="39" hits="0"/><line number="40" hits="1"/><line number="43" hits="1"/><line number="50" hits="1"/><line number="51" hits="2"/><line number="52" hits="0"/><line number="53" hits="0"/><line number="57" hits="1"/><line number="58" hits="2"/><line number="59" hits="0"/><line number="60" hits="0"/><line number="63" hits="1"/><line number="66" hits="1"/><line number="67" hits="1"/><line number="69" hits="1"/><line number="70" hits="1"/><line number="77" hits="1"/><line number="84" hits="1"/><line number="85" hits="2"/><line number="86" hits="0"/><line number="87" hits="0"/><line number="90" hits="1"/><line number="91" hits="2"/><line number="92" hits="0"/><line number="93" hits="0"/><line number="96" hits="1"/><line number="97" hits="0"/><line number="98" hits="1"/><line number="108" hits="3"/><line number="109" hits="1"/><line number="113" hits="1"/><line number="115" hits="1"/><line number="117" hits="1"/><line number="119" hits="1"/><line number="121" hits="1"/><line number="124" hits="1"/><line number="125" hits="1"/><line number="127" hits="1"/><line number="129" hits="1"/></lines></class></classes></package><package name="common/utils/src" line-rate="1" branch-rate="0" complexity="0"><classes><class name="tool" filename="common/utils/src/tool.rs" line-rate="1" branch-rate="0" complexity="0"><methods/><lines><line number="6" hits="1"/><line number="7" hits="1"/></lines></class></classes></package><package name="protos/src/generated" line-rate="NaN" branch-rate="0" complexity="0"><classes></classes></package></packages></coverage>